compute-0-2.localdomain
compute-0-2.localdomain
compute-0-2.localdomain
compute-0-2.localdomain
compute-0-2.localdomain
compute-0-2.localdomain
compute-0-2.localdomain
compute-0-2.localdomain
compute-0-2.localdomain
compute-0-2.localdomain
compute-0-2.localdomain
compute-0-2.localdomain
compute-0-2.localdomain
compute-0-2.localdomain
compute-0-2.localdomain
compute-0-2.localdomain
compute-0-2.localdomain
compute-0-2.localdomain
compute-0-2.localdomain
compute-0-2.localdomain
compute-0-2.localdomain
compute-0-2.localdomain
compute-0-2.localdomain
compute-0-2.localdomain
compute-0-2.localdomain
compute-0-2.localdomain
compute-0-2.localdomain
compute-0-2.localdomain
compute-0-2.localdomain
compute-0-2.localdomain
compute-0-2.localdomain
compute-0-2.localdomain
compute-3-0.localdomain
compute-3-0.localdomain
compute-3-0.localdomain
compute-3-0.localdomain
compute-3-0.localdomain
compute-3-0.localdomain
compute-3-0.localdomain
compute-3-0.localdomain
compute-3-0.localdomain
compute-3-0.localdomain
compute-3-0.localdomain
compute-3-0.localdomain
compute-3-0.localdomain
compute-3-0.localdomain
compute-3-0.localdomain
compute-3-0.localdomain
compute-3-2.localdomain
compute-3-2.localdomain
compute-3-2.localdomain
compute-3-2.localdomain
compute-3-2.localdomain
compute-3-2.localdomain
compute-3-2.localdomain
compute-3-2.localdomain
compute-3-2.localdomain
compute-3-2.localdomain
compute-3-2.localdomain
compute-3-2.localdomain
compute-3-2.localdomain
compute-3-2.localdomain
compute-3-2.localdomain
compute-3-2.localdomain
compute-0-2.localdomain
compute-3-0.localdomain
compute-3-2.localdomain
DCL
tempo_total_s=44.3405
tempo_medio_iter_s=0.221702
checksum=2.14353e+07
